2017-01-24 14:19:00-main--INFO -com.ctaf.accelerators.TestEngine:Starting browser : firefox
2017-01-24 14:19:22-main--INFO -com.ctaf.accelerators.TestEngine:Current Test : TC64_Verify_Update_Version_Approve
2017-01-24 14:19:22-main--INFO -com.ctaf.accelerators.TestEngine:in login
2017-01-24 14:20:16-main--INFO -com.ctaf.accelerators.TestEngine:Starting browser : firefox
2017-01-24 14:39:35-main--INFO -com.ctaf.accelerators.TestEngine:Starting browser : firefox
2017-01-24 14:40:37-main--INFO -com.ctaf.accelerators.TestEngine:Starting browser : chrome
2017-01-24 14:41:51-main--INFO -com.ctaf.accelerators.TestEngine:Current Test : TC64_Verify_Update_Version_Approve
2017-01-24 14:41:51-main--INFO -com.ctaf.accelerators.TestEngine:in login
2017-01-24 14:41:52-main--INFO -com.ctaf.accelerators.TestEngine:Successfully click on Menu
2017-01-24 14:41:52-main--INFO -com.ctaf.accelerators.TestEngine:Successfully click on Click on Menu/Login
2017-01-24 14:41:53-main--INFO -com.ctaf.accelerators.TestEngine:Type  autosm2017@gmail.com in Email address
2017-01-24 14:41:54-main--INFO -com.ctaf.accelerators.TestEngine:Type  Automation2017 in Password
2017-01-24 14:41:54-main--INFO -com.ctaf.accelerators.TestEngine:Successfully click on Login button
2017-01-24 14:42:04-main--INFO -com.ctaf.accelerators.TestEngine:in navigateConsultation
2017-01-24 14:42:31-main--INFO -com.ctaf.accelerators.TestEngine:Successfully click on Selected Project
2017-01-24 14:42:48-main--INFO -com.ctaf.accelerators.TestEngine:Starting browser : firefox
2017-01-24 14:43:16-main--INFO -com.ctaf.accelerators.TestEngine:Starting browser : firefox
2017-01-24 14:45:03-main--INFO -com.ctaf.accelerators.TestEngine:Starting browser : firefox
2017-01-24 14:45:23-main--INFO -com.ctaf.accelerators.TestEngine:Current Test : TC64_Verify_Update_Version_Approve
2017-01-24 14:45:23-main--INFO -com.ctaf.accelerators.TestEngine:in login
2017-01-24 14:45:41-main--INFO -com.ctaf.accelerators.TestEngine:Successfully click on Menu
2017-01-24 14:45:43-main--INFO -com.ctaf.accelerators.TestEngine:Successfully click on Click on Menu/Login
2017-01-24 14:45:44-main--INFO -com.ctaf.accelerators.TestEngine:Type  autosm2017@gmail.com in Email address
2017-01-24 14:45:45-main--INFO -com.ctaf.accelerators.TestEngine:Type  Automation2017 in Password
2017-01-24 14:45:46-main--INFO -com.ctaf.accelerators.TestEngine:Successfully click on Login button
2017-01-24 14:45:56-main--INFO -com.ctaf.accelerators.TestEngine:in navigateConsultation
2017-01-24 14:46:05-main--INFO -com.ctaf.accelerators.TestEngine: Able to get TscreenShot
2017-01-24 15:31:14-main--INFO -com.ctaf.accelerators.TestEngine:Starting browser : firefox
2017-01-24 15:31:30-main--INFO -com.ctaf.accelerators.TestEngine:Current Test : TC64_Verify_Update_Version_Approve
2017-01-24 15:31:31-main--INFO -com.ctaf.accelerators.TestEngine:in login
2017-01-24 15:32:16-main--INFO -com.ctaf.accelerators.TestEngine: Able to get TscreenShot
2017-01-24 15:32:49-main--INFO -com.ctaf.accelerators.TestEngine:Starting browser : chrome
2017-01-24 15:33:21-main--INFO -com.ctaf.accelerators.TestEngine:Current Test : TC64_Verify_Update_Version_Approve
2017-01-24 15:33:21-main--INFO -com.ctaf.accelerators.TestEngine:in login
2017-01-24 15:33:22-main--INFO -com.ctaf.accelerators.TestEngine:Successfully click on Menu
2017-01-24 15:33:22-main--INFO -com.ctaf.accelerators.TestEngine:Successfully click on Click on Menu/Login
2017-01-24 15:33:23-main--INFO -com.ctaf.accelerators.TestEngine:Type  autosm2017@gmail.com in Email address
2017-01-24 15:33:23-main--INFO -com.ctaf.accelerators.TestEngine:Type  Automation2017 in Password
2017-01-24 15:33:24-main--INFO -com.ctaf.accelerators.TestEngine:Successfully click on Login button
2017-01-24 15:33:34-main--INFO -com.ctaf.accelerators.TestEngine:in navigateConsultation
2017-01-24 15:34:09-main--INFO -com.ctaf.accelerators.TestEngine:Successfully click on Selected Project
2017-01-24 15:34:14-main--INFO -com.ctaf.accelerators.TestEngine:Element By.xpath: //li[text()='New Project for Test Execution'] is present
2017-01-24 15:34:14-main--INFO -com.ctaf.accelerators.TestEngine:in navigateToUpdate
2017-01-24 15:34:25-main--INFO -com.ctaf.accelerators.TestEngine:Successfully click on Update
2017-01-24 15:34:26-main--INFO -com.ctaf.accelerators.TestEngine:Successfully click on Version
2017-01-24 15:34:33-main--INFO -com.ctaf.accelerators.TestEngine:Successfully click on Version 1
